48K	./conv1_2.params
4.0K	./bias_fc6_128img.params
4.0K	./bias_conv2_2.params
1016K	./conv5_2.params
88K	./conv2_1.params
6.6M	./re_fc8_128img.params
4.0K	./bias_conv3_2.params
3.7M	./fc6_128img.params
4.0K	./bias_conv3_1.params
4.0K	./bias_conv2_1.params
4.0K	./bias_conv4_2.params
164K	./conv2_2.params
8.0K	./bias_fc7_128img.params
4.0K	./conv1_1.params
2.9M	./fc7_128img.params
12K	./bias_re_fc8_128img.params
608K	./conv3_2.params
4.0K	./stat.log
4.0K	./bias_conv1_1.params
1.2M	./conv4_1.params
904K	./conv5_1.params
2.1M	./conv4_2.params
4.0K	./bias_conv4_1.params
4.0K	./bias_conv1_2.params
4.0K	./bias_conv5_1.params
4.0K	./bias_conv5_2.params
320K	./conv3_1.params
20M	.
